/home/jose.ferreira/.micromamba/envs/fqgw/lib/python3.9/site-packages/pkg_resources/__init__.py:116: PkgResourcesDeprecationWarning: dev is an invalid version and will not be supported in a future release
  warnings.warn(
[*] Fetching arguments

[*] Setting up the output folder

[*] Importing the model

[*] Importing input data

[*] Running stan
Building...

Building: found in cache, done.Messages from stanc:
Warning in '/tmp/httpstan_cbfq15h1/model_oarhfd2g.stan', line 73, column 62: The variable integrand may not have been assigned a value before its use.
Warning in '/tmp/httpstan_cbfq15h1/model_oarhfd2g.stan', line 64, column 73: The variable integrand may not have been assigned a value before its use.
Sampling:   0%
Sampling:   0% (1/52500)
Sampling:   0% (2/52500)
Sampling:   0% (3/52500)
Sampling:   0% (4/52500)
Sampling:   0% (5/52500)
Sampling:   0% (104/52500)
Sampling:   0% (203/52500)
Sampling:   1% (302/52500)
Sampling:   1% (401/52500)
Sampling:   1% (500/52500)
Sampling:   1% (600/52500)
Sampling:   1% (700/52500)
Sampling:   2% (800/52500)
Sampling:   2% (900/52500)
Sampling:   2% (1000/52500)
Sampling:   2% (1100/52500)
Sampling:   2% (1200/52500)
Sampling:   2% (1300/52500)
Sampling:   3% (1400/52500)
Sampling:   3% (1500/52500)
Sampling:   3% (1600/52500)
Sampling:   3% (1700/52500)
Sampling:   3% (1800/52500)
Sampling:   4% (1900/52500)
Sampling:   4% (2000/52500)
Sampling:   4% (2101/52500)
Sampling:   4% (2202/52500)
Sampling:   4% (2303/52500)
Sampling:   5% (2404/52500)
Sampling:   5% (2504/52500)
Sampling:   5% (2505/52500)
Sampling:   5% (2604/52500)
Sampling:   5% (2703/52500)
Sampling:   5% (2802/52500)
Sampling:   6% (2901/52500)
Sampling:   6% (3000/52500)
Sampling:   6% (3100/52500)
Sampling:   6% (3200/52500)
Sampling:   6% (3300/52500)
Sampling:   6% (3400/52500)
Sampling:   7% (3500/52500)
Sampling:   7% (3600/52500)
Sampling:   7% (3700/52500)
Sampling:   7% (3800/52500)
Sampling:   7% (3900/52500)
Sampling:   8% (4000/52500)
Sampling:   8% (4100/52500)
Sampling:   8% (4200/52500)
Sampling:   8% (4300/52500)
Sampling:   8% (4400/52500)
Sampling:   9% (4500/52500)
Sampling:   9% (4600/52500)
Sampling:   9% (4700/52500)
Sampling:   9% (4800/52500)
Sampling:   9% (4900/52500)
Sampling:  10% (5000/52500)
Sampling:  10% (5100/52500)
Sampling:  10% (5200/52500)
Sampling:  10% (5300/52500)
Sampling:  10% (5400/52500)
Sampling:  10% (5500/52500)
Sampling:  11% (5600/52500)
Sampling:  11% (5700/52500)
Sampling:  11% (5800/52500)
Sampling:  11% (5900/52500)
Sampling:  11% (6000/52500)
Sampling:  12% (6100/52500)
Sampling:  12% (6200/52500)
Sampling:  12% (6300/52500)
Sampling:  12% (6400/52500)
Sampling:  12% (6500/52500)
Sampling:  13% (6600/52500)
Sampling:  13% (6700/52500)
Sampling:  13% (6800/52500)
Sampling:  13% (6900/52500)
Sampling:  13% (7000/52500)
Sampling:  14% (7100/52500)
Sampling:  14% (7200/52500)
Sampling:  14% (7300/52500)
Sampling:  14% (7400/52500)
Sampling:  14% (7500/52500)
Sampling:  14% (7600/52500)
Sampling:  15% (7700/52500)
Sampling:  15% (7800/52500)
Sampling:  15% (7900/52500)
Sampling:  15% (8000/52500)
Sampling:  15% (8100/52500)
Sampling:  16% (8200/52500)
Sampling:  16% (8300/52500)
Sampling:  16% (8400/52500)
Sampling:  16% (8500/52500)
Sampling:  16% (8600/52500)
Sampling:  17% (8700/52500)
Sampling:  17% (8800/52500)
Sampling:  17% (8900/52500)
Sampling:  17% (9000/52500)
Sampling:  17% (9100/52500)
Sampling:  18% (9200/52500)
Sampling:  18% (9300/52500)
Sampling:  18% (9400/52500)
Sampling:  18% (9500/52500)
Sampling:  18% (9600/52500)
Sampling:  18% (9700/52500)
Sampling:  19% (9800/52500)
Sampling:  19% (9900/52500)
Sampling:  19% (10000/52500)
Sampling:  19% (10100/52500)
Sampling:  19% (10200/52500)
Sampling:  20% (10300/52500)
Sampling:  20% (10400/52500)
Sampling:  20% (10500/52500)
Sampling:  20% (10600/52500)
Sampling:  20% (10700/52500)
Sampling:  21% (10800/52500)
Sampling:  21% (10900/52500)
Sampling:  21% (11000/52500)
Sampling:  21% (11100/52500)
Sampling:  21% (11200/52500)
Sampling:  22% (11300/52500)
Sampling:  22% (11400/52500)
Sampling:  22% (11500/52500)
Sampling:  22% (11600/52500)
Sampling:  22% (11700/52500)
Sampling:  22% (11800/52500)
Sampling:  23% (11900/52500)
Sampling:  23% (12000/52500)
Sampling:  23% (12100/52500)
Sampling:  23% (12200/52500)
Sampling:  23% (12300/52500)
Sampling:  24% (12400/52500)
Sampling:  24% (12500/52500)
Sampling:  24% (12600/52500)
Sampling:  24% (12700/52500)
Sampling:  24% (12800/52500)
Sampling:  25% (12900/52500)
Sampling:  25% (13000/52500)
Sampling:  25% (13100/52500)
Sampling:  25% (13200/52500)
Sampling:  25% (13300/52500)
Sampling:  26% (13400/52500)
Sampling:  26% (13500/52500)
Sampling:  26% (13600/52500)
Sampling:  26% (13700/52500)
Sampling:  26% (13800/52500)
Sampling:  26% (13900/52500)
Sampling:  27% (14000/52500)
Sampling:  27% (14100/52500)
Sampling:  27% (14200/52500)
Sampling:  27% (14300/52500)
Sampling:  27% (14400/52500)
Sampling:  28% (14500/52500)
Sampling:  28% (14600/52500)
Sampling:  28% (14700/52500)
Sampling:  28% (14800/52500)
Sampling:  28% (14900/52500)
Sampling:  29% (15000/52500)
Sampling:  29% (15100/52500)
Sampling:  29% (15200/52500)
Sampling:  29% (15300/52500)
Sampling:  29% (15400/52500)
Sampling:  30% (15500/52500)
Sampling:  30% (15600/52500)
Sampling:  30% (15700/52500)
Sampling:  30% (15800/52500)
Sampling:  30% (15900/52500)
Sampling:  30% (16000/52500)
Sampling:  31% (16100/52500)
Sampling:  31% (16200/52500)
Sampling:  31% (16300/52500)
Sampling:  31% (16400/52500)
Sampling:  31% (16500/52500)
Sampling:  32% (16600/52500)
Sampling:  32% (16700/52500)
Sampling:  32% (16800/52500)
Sampling:  32% (16900/52500)
Sampling:  32% (17000/52500)
Sampling:  33% (17100/52500)
Sampling:  33% (17200/52500)
Sampling:  33% (17300/52500)
Sampling:  33% (17400/52500)
Sampling:  33% (17500/52500)
Sampling:  34% (17600/52500)
Sampling:  34% (17700/52500)
Sampling:  34% (17800/52500)
Sampling:  34% (17900/52500)
Sampling:  34% (18000/52500)
Sampling:  34% (18100/52500)
Sampling:  35% (18200/52500)
Sampling:  35% (18300/52500)
Sampling:  35% (18400/52500)
Sampling:  35% (18500/52500)
Sampling:  35% (18600/52500)
Sampling:  36% (18700/52500)
Sampling:  36% (18800/52500)
Sampling:  36% (18900/52500)
Sampling:  36% (19000/52500)
Sampling:  36% (19100/52500)
Sampling:  37% (19200/52500)
Sampling:  37% (19300/52500)
Sampling:  37% (19400/52500)
Sampling:  37% (19500/52500)
Sampling:  37% (19600/52500)
Sampling:  38% (19700/52500)
Sampling:  38% (19800/52500)
Sampling:  38% (19900/52500)
Sampling:  38% (20000/52500)
Sampling:  38% (20100/52500)
Sampling:  38% (20200/52500)
Sampling:  39% (20300/52500)
Sampling:  39% (20400/52500)
Sampling:  39% (20500/52500)
Sampling:  39% (20600/52500)
Sampling:  39% (20700/52500)
Sampling:  40% (20800/52500)
Sampling:  40% (20900/52500)
Sampling:  40% (21000/52500)
Sampling:  40% (21100/52500)
Sampling:  40% (21200/52500)
Sampling:  41% (21300/52500)
Sampling:  41% (21400/52500)
Sampling:  41% (21500/52500)
Sampling:  41% (21600/52500)
Sampling:  41% (21700/52500)
Sampling:  42% (21800/52500)
Sampling:  42% (21900/52500)
Sampling:  42% (22000/52500)
Sampling:  42% (22100/52500)
Sampling:  42% (22200/52500)
Sampling:  42% (22300/52500)
Sampling:  43% (22400/52500)
Sampling:  43% (22500/52500)
Sampling:  43% (22600/52500)
Sampling:  43% (22700/52500)
Sampling:  43% (22800/52500)
Sampling:  44% (22900/52500)
Sampling:  44% (23000/52500)
Sampling:  44% (23100/52500)
Sampling:  44% (23200/52500)
Sampling:  44% (23300/52500)
Sampling:  45% (23400/52500)
Sampling:  45% (23500/52500)
Sampling:  45% (23600/52500)
Sampling:  45% (23700/52500)
Sampling:  45% (23800/52500)
Sampling:  46% (23900/52500)
Sampling:  46% (24000/52500)
Sampling:  46% (24100/52500)
Sampling:  46% (24200/52500)
Sampling:  46% (24300/52500)
Sampling:  46% (24400/52500)
Sampling:  47% (24500/52500)
Sampling:  47% (24600/52500)
Sampling:  47% (24700/52500)
Sampling:  47% (24800/52500)
Sampling:  47% (24900/52500)
Sampling:  48% (25000/52500)
Sampling:  48% (25100/52500)
Sampling:  48% (25200/52500)
Sampling:  48% (25300/52500)
Sampling:  48% (25400/52500)
Sampling:  49% (25500/52500)
Sampling:  49% (25600/52500)
Sampling:  49% (25700/52500)
Sampling:  49% (25800/52500)
Sampling:  49% (25900/52500)
Sampling:  50% (26000/52500)
Sampling:  50% (26100/52500)
Sampling:  50% (26200/52500)
Sampling:  50% (26300/52500)
Sampling:  50% (26400/52500)
Sampling:  50% (26500/52500)
Sampling:  51% (26600/52500)
Sampling:  51% (26700/52500)
Sampling:  51% (26800/52500)
Sampling:  51% (26900/52500)
Sampling:  51% (27000/52500)
Sampling:  52% (27100/52500)
Sampling:  52% (27200/52500)
Sampling:  52% (27300/52500)
Sampling:  52% (27400/52500)
Sampling:  52% (27500/52500)
Sampling:  53% (27600/52500)
Sampling:  53% (27700/52500)
Sampling:  53% (27800/52500)
Sampling:  53% (27900/52500)
Sampling:  53% (28000/52500)
Sampling:  54% (28100/52500)
Sampling:  54% (28200/52500)
Sampling:  54% (28300/52500)
Sampling:  54% (28400/52500)
Sampling:  54% (28500/52500)
Sampling:  54% (28600/52500)
Sampling:  55% (28700/52500)
Sampling:  55% (28800/52500)
Sampling:  55% (28900/52500)
Sampling:  55% (29000/52500)
Sampling:  55% (29100/52500)
Sampling:  56% (29200/52500)
Sampling:  56% (29300/52500)
Sampling:  56% (29400/52500)
Sampling:  56% (29500/52500)
Sampling:  56% (29600/52500)
Sampling:  57% (29700/52500)
Sampling:  57% (29800/52500)
Sampling:  57% (29900/52500)
Sampling:  57% (30000/52500)
Sampling:  57% (30100/52500)
Sampling:  58% (30200/52500)
Sampling:  58% (30300/52500)
Sampling:  58% (30400/52500)
Sampling:  58% (30500/52500)
Sampling:  58% (30600/52500)
Sampling:  58% (30700/52500)
Sampling:  59% (30800/52500)
Sampling:  59% (30900/52500)
Sampling:  59% (31000/52500)
Sampling:  59% (31100/52500)
Sampling:  59% (31200/52500)
Sampling:  60% (31300/52500)
Sampling:  60% (31400/52500)
Sampling:  60% (31500/52500)
Sampling:  60% (31600/52500)
Sampling:  60% (31700/52500)
Sampling:  61% (31800/52500)
Sampling:  61% (31900/52500)
Sampling:  61% (32000/52500)
Sampling:  61% (32100/52500)
Sampling:  61% (32200/52500)
Sampling:  62% (32300/52500)
Sampling:  62% (32400/52500)
Sampling:  62% (32500/52500)
Sampling:  62% (32600/52500)
Sampling:  62% (32700/52500)
Sampling:  62% (32800/52500)
Sampling:  63% (32900/52500)
Sampling:  63% (33000/52500)
Sampling:  63% (33100/52500)
Sampling:  63% (33200/52500)
Sampling:  63% (33300/52500)
Sampling:  64% (33400/52500)
Sampling:  64% (33500/52500)
Sampling:  64% (33600/52500)
Sampling:  64% (33700/52500)
Sampling:  64% (33800/52500)
Sampling:  65% (33900/52500)
Sampling:  65% (34000/52500)
Sampling:  65% (34100/52500)
Sampling:  65% (34200/52500)
Sampling:  65% (34300/52500)
Sampling:  66% (34400/52500)
Sampling:  66% (34500/52500)
Sampling:  66% (34600/52500)
Sampling:  66% (34700/52500)
Sampling:  66% (34800/52500)
Sampling:  66% (34900/52500)
Sampling:  67% (35000/52500)
Sampling:  67% (35100/52500)
Sampling:  67% (35200/52500)
Sampling:  67% (35300/52500)
Sampling:  67% (35400/52500)
Sampling:  68% (35500/52500)
Sampling:  68% (35600/52500)
Sampling:  68% (35700/52500)
Sampling:  68% (35800/52500)
Sampling:  68% (35900/52500)
Sampling:  69% (36000/52500)
Sampling:  69% (36100/52500)
Sampling:  69% (36200/52500)
Sampling:  69% (36300/52500)
Sampling:  69% (36400/52500)
Sampling:  70% (36500/52500)
Sampling:  70% (36600/52500)
Sampling:  70% (36700/52500)
Sampling:  70% (36800/52500)
Sampling:  70% (36900/52500)
Sampling:  70% (37000/52500)
Sampling:  71% (37100/52500)
Sampling:  71% (37200/52500)
Sampling:  71% (37300/52500)
Sampling:  71% (37400/52500)
Sampling:  71% (37500/52500)
Sampling:  72% (37600/52500)
Sampling:  72% (37700/52500)
Sampling:  72% (37800/52500)
Sampling:  72% (37900/52500)
Sampling:  72% (38000/52500)
Sampling:  73% (38100/52500)
Sampling:  73% (38200/52500)
Sampling:  73% (38300/52500)
Sampling:  73% (38400/52500)
Sampling:  73% (38500/52500)
Sampling:  74% (38600/52500)
Sampling:  74% (38700/52500)
Sampling:  74% (38800/52500)
Sampling:  74% (38900/52500)
Sampling:  74% (39000/52500)
Sampling:  74% (39100/52500)
Sampling:  75% (39200/52500)
Sampling:  75% (39300/52500)
Sampling:  75% (39400/52500)
Sampling:  75% (39500/52500)
Sampling:  75% (39600/52500)
Sampling:  76% (39700/52500)
Sampling:  76% (39800/52500)
Sampling:  76% (39900/52500)
Sampling:  76% (40000/52500)
Sampling:  76% (40100/52500)
Sampling:  77% (40200/52500)
Sampling:  77% (40300/52500)
Sampling:  77% (40400/52500)
Sampling:  77% (40500/52500)
Sampling:  77% (40600/52500)
Sampling:  78% (40700/52500)
Sampling:  78% (40800/52500)
Sampling:  78% (40900/52500)
Sampling:  78% (41000/52500)
Sampling:  78% (41100/52500)
Sampling:  78% (41200/52500)
Sampling:  79% (41300/52500)
Sampling:  79% (41400/52500)
Sampling:  79% (41500/52500)
Sampling:  79% (41600/52500)
Sampling:  79% (41700/52500)
Sampling:  80% (41800/52500)
Sampling:  80% (41900/52500)
Sampling:  80% (42000/52500)
Sampling:  80% (42100/52500)
Sampling:  80% (42200/52500)
Sampling:  81% (42300/52500)
Sampling:  81% (42400/52500)
Sampling:  81% (42500/52500)
Sampling:  81% (42600/52500)
Sampling:  81% (42700/52500)
Sampling:  82% (42800/52500)
Sampling:  82% (42900/52500)
Sampling:  82% (43000/52500)
Sampling:  82% (43100/52500)
Sampling:  82% (43200/52500)
Sampling:  82% (43300/52500)
Sampling:  83% (43400/52500)
Sampling:  83% (43500/52500)
Sampling:  83% (43600/52500)
Sampling:  83% (43700/52500)
Sampling:  83% (43800/52500)
Sampling:  84% (43900/52500)
Sampling:  84% (44000/52500)
Sampling:  84% (44100/52500)
Sampling:  84% (44200/52500)
Sampling:  84% (44300/52500)
Sampling:  85% (44400/52500)
Sampling:  85% (44500/52500)
Sampling:  85% (44600/52500)
Sampling:  85% (44700/52500)
Sampling:  85% (44800/52500)
Sampling:  86% (44900/52500)
Sampling:  86% (45000/52500)
Sampling:  86% (45100/52500)
Sampling:  86% (45200/52500)
Sampling:  86% (45300/52500)
Sampling:  86% (45400/52500)
Sampling:  87% (45500/52500)
Sampling:  87% (45600/52500)
Sampling:  87% (45700/52500)
Sampling:  87% (45800/52500)
Sampling:  87% (45900/52500)
Sampling:  88% (46000/52500)
Sampling:  88% (46100/52500)
Sampling:  88% (46200/52500)
Sampling:  88% (46300/52500)
Sampling:  88% (46400/52500)
Sampling:  89% (46500/52500)
Sampling:  89% (46600/52500)
Sampling:  89% (46700/52500)
Sampling:  89% (46800/52500)
Sampling:  89% (46900/52500)
Sampling:  90% (47000/52500)
Sampling:  90% (47100/52500)
Sampling:  90% (47200/52500)
Sampling:  90% (47300/52500)
Sampling:  90% (47400/52500)
Sampling:  90% (47500/52500)
Sampling:  91% (47600/52500)
Sampling:  91% (47700/52500)
Sampling:  91% (47800/52500)
Sampling:  91% (47900/52500)
Sampling:  91% (48000/52500)
Sampling:  92% (48100/52500)
Sampling:  92% (48200/52500)
Sampling:  92% (48300/52500)
Sampling:  92% (48400/52500)
Sampling:  92% (48500/52500)
Sampling:  93% (48600/52500)
Sampling:  93% (48700/52500)
Sampling:  93% (48800/52500)
Sampling:  93% (48900/52500)
Sampling:  93% (49000/52500)
Sampling:  94% (49100/52500)
Sampling:  94% (49200/52500)
Sampling:  94% (49300/52500)
Sampling:  94% (49400/52500)
Sampling:  94% (49500/52500)
Sampling:  94% (49600/52500)
Sampling:  95% (49700/52500)
Sampling:  95% (49800/52500)
Sampling:  95% (49900/52500)
Sampling:  95% (50000/52500)
Sampling:  95% (50100/52500)
Sampling:  96% (50200/52500)
Sampling:  96% (50300/52500)
Sampling:  96% (50400/52500)
Sampling:  96% (50500/52500)
Sampling:  96% (50600/52500)
Sampling:  97% (50700/52500)
Sampling:  97% (50800/52500)
Sampling:  97% (50900/52500)
Sampling:  97% (51000/52500)
Sampling:  97% (51100/52500)
Sampling:  98% (51200/52500)
Sampling:  98% (51300/52500)
Sampling:  98% (51400/52500)
Sampling:  98% (51500/52500)
Sampling:  98% (51600/52500)
Sampling:  98% (51700/52500)
Sampling:  99% (51800/52500)
Sampling:  99% (51900/52500)
Sampling:  99% (52000/52500)
Sampling:  99% (52100/52500)
Sampling:  99% (52200/52500)
Sampling: 100% (52300/52500)
Sampling: 100% (52400/52500)
Sampling: 100% (52500/52500)
Sampling: 100% (52500/52500), done.
Messages received during sampling:
  Gradient evaluation took 0.011379 seconds
  1000 transitions using 10 leapfrog steps per transition would take 113.79 seconds.
  Adjust your expectations accordingly!
  Informational Message: The current Metropolis proposal is about to be rejected because of the following issue:
  Exception: normal_lpdf: Location parameter[1] is inf, but must be finite! (in '/tmp/httpstan_lbpuyb4o/model_oarhfd2g.stan', line 89, column 2 to column 42)
  If this warning occurs sporadically, such as for highly constrained variable types like covariance matrices, then the sampler is fine,
  but if this warning occurs often then your model may be either severely ill-conditioned or misspecified.
  Gradient evaluation took 0.011357 seconds
  1000 transitions using 10 leapfrog steps per transition would take 113.57 seconds.
  Adjust your expectations accordingly!
  Gradient evaluation took 0.011073 seconds
  1000 transitions using 10 leapfrog steps per transition would take 110.73 seconds.
  Adjust your expectations accordingly!
  Informational Message: The current Metropolis proposal is about to be rejected because of the following issue:
  Exception: normal_lpdf: Location parameter[1] is -nan, but must be finite! (in '/tmp/httpstan_lbpuyb4o/model_oarhfd2g.stan', line 89, column 2 to column 42)
  If this warning occurs sporadically, such as for highly constrained variable types like covariance matrices, then the sampler is fine,
  but if this warning occurs often then your model may be either severely ill-conditioned or misspecified.
  Gradient evaluation took 0.011117 seconds
  1000 transitions using 10 leapfrog steps per transition would take 111.17 seconds.
  Adjust your expectations accordingly!
  Informational Message: The current Metropolis proposal is about to be rejected because of the following issue:
  Exception: normal_lpdf: Location parameter[1] is -nan, but must be finite! (in '/tmp/httpstan_lbpuyb4o/model_oarhfd2g.stan', line 89, column 2 to column 42)
  If this warning occurs sporadically, such as for highly constrained variable types like covariance matrices, then the sampler is fine,
  but if this warning occurs often then your model may be either severely ill-conditioned or misspecified.
  Gradient evaluation took 0.011602 seconds
  1000 transitions using 10 leapfrog steps per transition would take 116.02 seconds.
  Adjust your expectations accordingly!
/home/jose.ferreira/.micromamba/envs/fqgw/lib/python3.9/site-packages/pkg_resources/__init__.py:116: PkgResourcesDeprecationWarning: dev is an invalid version and will not be supported in a future release
  warnings.warn(
/home/jose.ferreira/.micromamba/envs/fqgw/lib/python3.9/site-packages/arviz/stats/diagnostics.py:561: RuntimeWarning: invalid value encountered in double_scalars
  (between_chain_variance / within_chain_variance + num_samples - 1) / (num_samples)
Removed no burn in

[*] Plotting routines

[*] Saving information to output folder
